Command line:
   LAN_IDE_CP_TB_isim_beh.exe
     -simmode  gui
     -simrunnum  0
     -socket  63054

Mon Jan 16 00:46:01 2017


 Elaboration Time: 0.125 sec

 Current Memory Usage: 1657.91 Meg

 Total Signals          : 116
 Total Nets             : 172
 Total Signal Drivers   : 76
 Total Blocks           : 5
 Total Primitive Blocks : 4
 Total Processes        : 40
 Total Traceable Variables  : 12
 Total Scalar Nets and Variables : 552
Total Line Count : 378

 Total Simulation Time: 0.375 sec

 Current Memory Usage: 1657.87 Meg

Mon Jan 16 00:46:38 2017

