Running: fuse.exe -relaunch -intstyle "ise" -incremental -o "C:/Users/Matze/Amiga/Hardwarehacks/Zorro-LAN-IDE/Logic/LAN_IDE/LAN_IDE_CP_TB_isim_beh.exe" -prj "C:/Users/Matze/Amiga/Hardwarehacks/Zorro-LAN-IDE/Logic/LAN_IDE/LAN_IDE_CP_TB_beh.prj" "work.LAN_IDE_CP_TB" 
ISim P.68d (signature 0x7708f090)
Number of CPUs detected in this system: 6
Turning on mult-threading, number of parallel sub-compilation jobs: 12 
Determining compilation order of HDL files
Parsing VHDL file "C:/Users/Matze/Amiga/Hardwarehacks/Zorro-LAN-IDE/Logic/LAN_IDE/LAN_IDE_CP.vhd" into library work
Parsing VHDL file "C:/Users/Matze/Amiga/Hardwarehacks/Zorro-LAN-IDE/Logic/LAN_IDE/LAN_IDE_CP_TB.vhd" into library work
Starting static elaboration
Completed static elaboration
Compiling package standard
Compiling package std_logic_1164
Compiling package std_logic_arith
Compiling package std_logic_unsigned
Compiling architecture behavioral of entity LAN_IDE_CP [lan_ide_cp_default]
Compiling architecture behavior of entity lan_ide_cp_tb
Time Resolution for simulation is 1ps.
Waiting for 1 sub-compilation(s) to finish...
Compiled 7 VHDL Units
Built simulation executable C:/Users/Matze/Amiga/Hardwarehacks/Zorro-LAN-IDE/Logic/LAN_IDE/LAN_IDE_CP_TB_isim_beh.exe
Fuse Memory Usage: 33808 KB
Fuse CPU Usage: 499 ms
